  CharTrain.cpp
D:\Visual Studio\Visual Studio 2019\CRHSCS\CharTrain\CharTrain.cpp(85,23): warning C4018: '<': signed/unsigned mismatch
CharTrain.obj : error LNK2019: unresolved external symbol "void __cdecl cv::error(int,class std::basic_string<char,struct std::char_traits<char>,class std::allocator<char> > const &,char const *,char const *,int)" (?error@cv@@YAXHABV?$basic_string@DU?$char_traits@D@std@@V?$allocator@D@2@@std@@PBD1H@Z) referenced in function "public: void __thiscall cv::Mat::push_back<int>(int const &)" (??$push_back@H@Mat@cv@@QAEXABH@Z)
CharTrain.obj : error LNK2019: unresolved external symbol "public: __thiscall cv::Mat::Mat(void)" (??0Mat@cv@@QAE@XZ) referenced in function _main
CharTrain.obj : error LNK2019: unresolved external symbol "public: __thiscall cv::Mat::Mat(int,int,int,void *,unsigned int)" (??0Mat@cv@@QAE@HHHPAXI@Z) referenced in function "public: void __thiscall cv::Mat::push_back<int>(int const &)" (??$push_back@H@Mat@cv@@QAEXABH@Z)
CharTrain.obj : error LNK2019: unresolved external symbol "public: __thiscall cv::Mat::Mat(class cv::Mat const &,class cv::Rect_<int> const &)" (??0Mat@cv@@QAE@ABV01@ABV?$Rect_@H@1@@Z) referenced in function "public: class cv::Mat __thiscall cv::Mat::operator()(class cv::Rect_<int> const &)const " (??RMat@cv@@QBE?AV01@ABV?$Rect_@H@1@@Z)
CharTrain.obj : error LNK2019: unresolved external symbol "public: __thiscall cv::Mat::~Mat(void)" (??1Mat@cv@@QAE@XZ) referenced in function "public: void __thiscall cv::Mat::push_back<int>(int const &)" (??$push_back@H@Mat@cv@@QAEXABH@Z)
CharTrain.obj : error LNK2019: unresolved external symbol "public: class cv::Mat __thiscall cv::Mat::clone(void)const " (?clone@Mat@cv@@QBE?AV12@XZ) referenced in function "public: void __thiscall cv::Mat::push_back<int>(int const &)" (??$push_back@H@Mat@cv@@QAEXABH@Z)
CharTrain.obj : error LNK2019: unresolved external symbol "public: void __thiscall cv::Mat::convertTo(class cv::debug_build_guard::_OutputArray const &,int,double,double)const " (?convertTo@Mat@cv@@QBEXABV_OutputArray@debug_build_guard@2@HNN@Z) referenced in function _main
CharTrain.obj : error LNK2019: unresolved external symbol "public: class cv::Mat __thiscall cv::Mat::reshape(int,int)const " (?reshape@Mat@cv@@QBE?AV12@HH@Z) referenced in function _main
CharTrain.obj : error LNK2019: unresolved external symbol "public: void __thiscall cv::Mat::push_back_(void const *)" (?push_back_@Mat@cv@@QAEXPBX@Z) referenced in function "public: void __thiscall cv::Mat::push_back<int>(int const &)" (??$push_back@H@Mat@cv@@QAEXABH@Z)
CharTrain.obj : error LNK2019: unresolved external symbol "public: void __thiscall cv::Mat::push_back(class cv::Mat const &)" (?push_back@Mat@cv@@QAEXABV12@@Z) referenced in function _main
CharTrain.obj : error LNK2019: unresolved external symbol "public: bool __thiscall cv::Mat::empty(void)const " (?empty@Mat@cv@@QBE_NXZ) referenced in function _main
CharTrain.obj : error LNK2019: unresolved external symbol "public: class cv::Mat & __thiscall cv::Mat::operator=(class cv::Mat &&)" (??4Mat@cv@@QAEAAV01@$$QAV01@@Z) referenced in function "public: void __thiscall cv::Mat::push_back<int>(int const &)" (??$push_back@H@Mat@cv@@QAEXABH@Z)
CharTrain.obj : error LNK2019: unresolved external symbol "public: __thiscall cv::FileStorage::FileStorage(class std::basic_string<char,struct std::char_traits<char>,class std::allocator<char> > const &,int,class std::basic_string<char,struct std::char_traits<char>,class std::allocator<char> > const &)" (??0FileStorage@cv@@QAE@ABV?$basic_string@DU?$char_traits@D@std@@V?$allocator@D@2@@std@@H0@Z) referenced in function _main
CharTrain.obj : error LNK2019: unresolved external symbol "public: virtual __thiscall cv::FileStorage::~FileStorage(void)" (??1FileStorage@cv@@UAE@XZ) referenced in function _main
CharTrain.obj : error LNK2019: unresolved external symbol "public: virtual void __thiscall cv::FileStorage::release(void)" (?release@FileStorage@cv@@UAEXXZ) referenced in function _main
CharTrain.obj : error LNK2019: unresolved external symbol "class cv::Mat __cdecl cv::imread(class std::basic_string<char,struct std::char_traits<char>,class std::allocator<char> > const &,int)" (?imread@cv@@YA?AVMat@1@ABV?$basic_string@DU?$char_traits@D@std@@V?$allocator@D@2@@std@@H@Z) referenced in function _main
CharTrain.obj : error LNK2019: unresolved external symbol "int __cdecl cv::waitKey(int)" (?waitKey@cv@@YAHH@Z) referenced in function _main
CharTrain.obj : error LNK2019: unresolved external symbol "void __cdecl cv::imshow(class std::basic_string<char,struct std::char_traits<char>,class std::allocator<char> > const &,class cv::debug_build_guard::_InputArray const &)" (?imshow@cv@@YAXABV?$basic_string@DU?$char_traits@D@std@@V?$allocator@D@2@@std@@ABV_InputArray@debug_build_guard@1@@Z) referenced in function _main
CharTrain.obj : error LNK2019: unresolved external symbol "void __cdecl cv::GaussianBlur(class cv::debug_build_guard::_InputArray const &,class cv::debug_build_guard::_OutputArray const &,class cv::Size_<int>,double,double,int)" (?GaussianBlur@cv@@YAXABV_InputArray@debug_build_guard@1@ABV_OutputArray@31@V?$Size_@H@1@NNH@Z) referenced in function _main
CharTrain.obj : error LNK2019: unresolved external symbol "void __cdecl cv::resize(class cv::debug_build_guard::_InputArray const &,class cv::debug_build_guard::_OutputArray const &,class cv::Size_<int>,double,double,int)" (?resize@cv@@YAXABV_InputArray@debug_build_guard@1@ABV_OutputArray@31@V?$Size_@H@1@NNH@Z) referenced in function _main
CharTrain.obj : error LNK2019: unresolved external symbol "void __cdecl cv::adaptiveThreshold(class cv::debug_build_guard::_InputArray const &,class cv::debug_build_guard::_OutputArray const &,double,int,int,int,double)" (?adaptiveThreshold@cv@@YAXABV_InputArray@debug_build_guard@1@ABV_OutputArray@31@NHHHN@Z) referenced in function _main
CharTrain.obj : error LNK2019: unresolved external symbol "void __cdecl cv::cvtColor(class cv::debug_build_guard::_InputArray const &,class cv::debug_build_guard::_OutputArray const &,int,int)" (?cvtColor@cv@@YAXABV_InputArray@debug_build_guard@1@ABV_OutputArray@31@HH@Z) referenced in function _main
CharTrain.obj : error LNK2019: unresolved external symbol "void __cdecl cv::findContours(class cv::debug_build_guard::_InputArray const &,class cv::debug_build_guard::_OutputArray const &,class cv::debug_build_guard::_OutputArray const &,int,int,class cv::Point_<int>)" (?findContours@cv@@YAXABV_InputArray@debug_build_guard@1@ABV_OutputArray@31@1HHV?$Point_@H@1@@Z) referenced in function _main
CharTrain.obj : error LNK2019: unresolved external symbol "class cv::Rect_<int> __cdecl cv::boundingRect(class cv::debug_build_guard::_InputArray const &)" (?boundingRect@cv@@YA?AV?$Rect_@H@1@ABV_InputArray@debug_build_guard@1@@Z) referenced in function _main
CharTrain.obj : error LNK2019: unresolved external symbol "double __cdecl cv::contourArea(class cv::debug_build_guard::_InputArray const &,bool)" (?contourArea@cv@@YANABV_InputArray@debug_build_guard@1@_N@Z) referenced in function _main
CharTrain.obj : error LNK2019: unresolved external symbol "void __cdecl cv::rectangle(class cv::debug_build_guard::_InputOutputArray const &,class cv::Rect_<int>,class cv::Scalar_<double> const &,int,int,int)" (?rectangle@cv@@YAXABV_InputOutputArray@debug_build_guard@1@V?$Rect_@H@1@ABV?$Scalar_@N@1@HHH@Z) referenced in function _main
CharTrain.obj : error LNK2019: unresolved external symbol "public: static struct cv::Ptr<class cv::ml::KNearest> __cdecl cv::ml::KNearest::create(void)" (?create@KNearest@ml@cv@@SA?AU?$Ptr@VKNearest@ml@cv@@@3@XZ) referenced in function _main
D:\OpenCV\4.6.0\build\x64\vc14\lib\opencv_world460d.lib : warning LNK4272: library machine type 'x64' conflicts with target machine type 'x86'
D:\Visual Studio\Visual Studio 2019\CRHSCS\Debug\CharTrain.exe : fatal error LNK1120: 27 unresolved externals
